2023-12-08 12:49:00,541 - __main__ - INFO - Start running.
2023-12-08 12:49:01,912 - __main__ - INFO - Finish running.
2023-12-08 19:50:50,464 - __main__ - INFO - Token available.
2023-12-08 19:50:50,464 - __main__ - INFO - Start running.
2023-12-08 19:51:33,079 - __main__ - INFO - Finish running.
2023-12-08 21:36:46,899 - __main__ - INFO - Token available.
2023-12-08 21:36:46,899 - __main__ - INFO - Start running.
2023-12-08 21:38:19,726 - __main__ - INFO - Finish running.
2023-12-08 22:16:47,892 - __main__ - INFO - Token available.
2023-12-08 22:16:47,892 - __main__ - INFO - Start running.
2023-12-08 22:17:27,648 - __main__ - INFO - Finish running.
2023-12-09 00:47:51,279 - ig - INFO - ur_always_my start running.
2023-12-09 00:47:51,280 - ig - INFO - optimum_pride start running.
2023-12-09 00:47:51,279 - ig - INFO - ur_always_my start running.
2023-12-09 00:47:51,280 - ig - INFO - optimum_pride start running.
2023-12-09 00:48:14,991 - ig - INFO - ur_always_my finish running.
2023-12-09 00:48:14,991 - ig - INFO - ur_always_my finish running.
2023-12-09 00:48:17,216 - ig - INFO - optimum_pride finish running.
2023-12-09 00:48:17,216 - ig - INFO - optimum_pride finish running.
2023-12-10 00:52:54,693 - ig - INFO - ur_always_my start running.
2023-12-10 00:52:54,693 - ig - INFO - ur_always_my start running.
2023-12-10 00:52:54,693 - ig - INFO - optimum_pride start running.
2023-12-10 00:52:54,693 - ig - INFO - optimum_pride start running.
2023-12-10 00:53:17,392 - ig - INFO - ur_always_my finish running.
2023-12-10 00:53:17,392 - ig - INFO - ur_always_my finish running.
2023-12-10 00:53:18,067 - ig - INFO - optimum_pride finish running.
2023-12-10 00:53:18,067 - ig - INFO - optimum_pride finish running.
2023-12-11 00:50:28,917 - ig - INFO - ur_always_my start running.
2023-12-11 00:50:28,917 - ig - INFO - ur_always_my start running.
2023-12-11 00:50:28,917 - ig - INFO - optimum_pride start running.
2023-12-11 00:50:28,917 - ig - INFO - optimum_pride start running.
2023-12-11 00:51:01,163 - ig - INFO - optimum_pride finish running.
2023-12-11 00:51:01,163 - ig - INFO - optimum_pride finish running.
2023-12-11 00:51:02,084 - ig - INFO - ur_always_my finish running.
2023-12-11 00:51:02,084 - ig - INFO - ur_always_my finish running.
